<?xml version="1.0" encoding="utf-8"?><testsuites name="pytest tests"><testsuite name="pytest" errors="0" failures="0" skipped="0" tests="25" time="5.106" timestamp="2026-07-17T17:37:53.129938+00:00" hostname="agent-env-faf58bcb-b9b8-476f-a0d0-445dc3057ed3"><testcase classname="tests.backend_test.TestPersonsAlphaSort" name="test_persons_count_and_alpha_sort" time="0.278" /><testcase classname="tests.backend_test.TestScheduleGeneration" name="test_schedule_summary" time="0.122" /><testcase classname="tests.backend_test.TestScheduleGeneration" name="test_line_keys" time="0.000" /><testcase classname="tests.backend_test.TestScheduleGeneration" name="test_priority_ordering" time="0.000" /><testcase classname="tests.backend_test.TestScheduleGeneration" name="test_no_duplicate_assignments" time="0.000" /><testcase classname="tests.backend_test.TestExtraHands" name="test_override_allows_more_than_required" time="0.113" /><testcase classname="tests.backend_test.TestExtraHands" name="test_extra_hands_persist_after_regenerate" time="0.212" /><testcase classname="tests.backend_test.TestAdjustClear" name="test_adjust_clear_leaves_cell_empty" time="0.255" /><testcase classname="tests.backend_test.TestShiftIsolation" name="test_day_and_evening_independent" time="0.362" /><testcase classname="tests.backend_test.TestExport" name="test_export_returns_valid_xlsx" time="0.116" /><testcase classname="tests.backend_test.TestAnalytics" name="test_analytics_shape" time="0.099" /><testcase classname="tests.backend_test.TestStats" name="test_stats" time="0.118" /><testcase classname="tests.backend_test.TestFillShortagesUnfillable" name="test_fill_unfillable_is_noop" time="0.241" /><testcase classname="tests.backend_test.TestFillShortagesUnfillable" name="test_fill_persists_via_overrides" time="0.232" /><testcase classname="tests.backend_test.TestFillShortagesFillable" name="test_fill_replaces_vacated_seat" time="0.429" /><testcase classname="tests.backend_test.TestFillShortagesFillable" name="test_fill_creates_and_fills_manually_cleared_cell" time="0.557" /><testcase classname="tests.backend_test.TestFillShortagesNotFound" name="test_fill_returns_404_for_missing_schedule" time="0.114" /><testcase classname="tests.backend_test.TestSuggestLines" name="test_baseline_free_pool_and_suggestions" time="0.211" /><testcase classname="tests.backend_test.TestSuggestLines" name="test_excludes_active_lines" time="0.125" /><testcase classname="tests.backend_test.TestSuggestLines" name="test_expected_fully_covered_lines" time="0.120" /><testcase classname="tests.backend_test.TestSuggestLines" name="test_sorted_desc_by_coverage_then_fillable_then_line" time="0.127" /><testcase classname="tests.backend_test.TestSuggestLines" name="test_cells_breakdown_shape_and_no_reuse_within_suggestion" time="0.102" /><testcase classname="tests.backend_test.TestSuggestLines" name="test_404_when_schedule_missing" time="0.208" /><testcase classname="tests.backend_test.TestSuggestLines" name="test_add_line_regenerates_and_shrinks_pool" time="0.719" /><testcase classname="tests.backend_test.TestZZZRestoreBaseline" name="test_restore" time="0.129" /></testsuite></testsuites>