<?xml version="1.0" encoding="utf-8"?><testsuites name="pytest tests"><testsuite name="pytest" errors="0" failures="0" skipped="0" tests="12" time="2.016" timestamp="2026-07-17T17:13:13.016454+00:00" hostname="agent-env-faf58bcb-b9b8-476f-a0d0-445dc3057ed3"><testcase classname="tests.backend_test.TestPersonsAlphaSort" name="test_persons_count_and_alpha_sort" time="0.179" /><testcase classname="tests.backend_test.TestScheduleGeneration" name="test_schedule_summary" time="0.139" /><testcase classname="tests.backend_test.TestScheduleGeneration" name="test_line_keys" time="0.000" /><testcase classname="tests.backend_test.TestScheduleGeneration" name="test_priority_ordering" time="0.000" /><testcase classname="tests.backend_test.TestScheduleGeneration" name="test_no_duplicate_assignments" time="0.000" /><testcase classname="tests.backend_test.TestExtraHands" name="test_override_allows_more_than_required" time="0.135" /><testcase classname="tests.backend_test.TestExtraHands" name="test_extra_hands_persist_after_regenerate" time="0.240" /><testcase classname="tests.backend_test.TestAdjustClear" name="test_adjust_clear_leaves_cell_empty" time="0.448" /><testcase classname="tests.backend_test.TestShiftIsolation" name="test_day_and_evening_independent" time="0.338" /><testcase classname="tests.backend_test.TestExport" name="test_export_returns_valid_xlsx" time="0.148" /><testcase classname="tests.backend_test.TestAnalytics" name="test_analytics_shape" time="0.172" /><testcase classname="tests.backend_test.TestStats" name="test_stats" time="0.132" /></testsuite></testsuites>