<?xml version="1.0" encoding="utf-8"?><testsuites name="pytest tests"><testsuite name="pytest" errors="0" failures="0" skipped="0" tests="18" time="3.813" timestamp="2026-07-17T17:28:59.676609+00:00" hostname="agent-env-faf58bcb-b9b8-476f-a0d0-445dc3057ed3"><testcase classname="tests.backend_test.TestPersonsAlphaSort" name="test_persons_count_and_alpha_sort" time="0.260" /><testcase classname="tests.backend_test.TestScheduleGeneration" name="test_schedule_summary" time="0.124" /><testcase classname="tests.backend_test.TestScheduleGeneration" name="test_line_keys" time="0.001" /><testcase classname="tests.backend_test.TestScheduleGeneration" name="test_priority_ordering" time="0.001" /><testcase classname="tests.backend_test.TestScheduleGeneration" name="test_no_duplicate_assignments" time="0.000" /><testcase classname="tests.backend_test.TestExtraHands" name="test_override_allows_more_than_required" time="0.122" /><testcase classname="tests.backend_test.TestExtraHands" name="test_extra_hands_persist_after_regenerate" time="0.289" /><testcase classname="tests.backend_test.TestAdjustClear" name="test_adjust_clear_leaves_cell_empty" time="0.260" /><testcase classname="tests.backend_test.TestShiftIsolation" name="test_day_and_evening_independent" time="0.365" /><testcase classname="tests.backend_test.TestExport" name="test_export_returns_valid_xlsx" time="0.167" /><testcase classname="tests.backend_test.TestAnalytics" name="test_analytics_shape" time="0.118" /><testcase classname="tests.backend_test.TestStats" name="test_stats" time="0.099" /><testcase classname="tests.backend_test.TestFillShortagesUnfillable" name="test_fill_unfillable_is_noop" time="0.239" /><testcase classname="tests.backend_test.TestFillShortagesUnfillable" name="test_fill_persists_via_overrides" time="0.246" /><testcase classname="tests.backend_test.TestFillShortagesFillable" name="test_fill_replaces_vacated_seat" time="0.454" /><testcase classname="tests.backend_test.TestFillShortagesFillable" name="test_fill_creates_and_fills_manually_cleared_cell" time="0.652" /><testcase classname="tests.backend_test.TestFillShortagesNotFound" name="test_fill_returns_404_for_missing_schedule" time="0.130" /><testcase classname="tests.backend_test.TestZZZRestoreBaseline" name="test_restore" time="0.122" /></testsuite></testsuites>