<?xml version="1.0" encoding="utf-8"?><testsuites name="pytest tests"><testsuite name="pytest" errors="0" failures="0" skipped="0" tests="13" time="2.416" timestamp="2026-08-05T08:51:21.354627+00:00" hostname="agent-env-faf58bcb-b9b8-476f-a0d0-445dc3057ed3"><testcase classname="tests.test_iter11.TestLogAndReport" name="test_log_endpoint_sets_timestamp" time="0.759" /><testcase classname="tests.test_iter11.TestSK300FrameMultiDetail" name="test_sk300_frame_has_4_details_summing_to_6" time="0.434" /><testcase classname="tests.test_iter11.TestSK300FrameMultiDetail" name="test_gx300_frame_sums_to_2" time="0.001" /><testcase classname="tests.test_iter11.TestSK300FrameMultiDetail" name="test_no_duplicate_person" time="0.000" /><testcase classname="tests.test_iter11.TestNoRegression" name="test_autoplan_still_works" time="0.477" /><testcase classname="tests.test_iter11.TestLogAndReport" name="test_log_404_when_missing" time="0.154" /><testcase classname="tests.test_iter11.TestLogAndReport" name="test_absenteeism_xlsx_returns_valid_workbook" time="0.161" /><testcase classname="tests.test_iter11.TestNoRegression" name="test_fill_shortages_still_works" time="0.165" /><testcase classname="tests.test_iter11.TestLogAndReport" name="test_absenteeism_only_logged_filter" time="0.162" /><testcase classname="tests.test_iter11.TestNoRegression" name="test_suggest_lines_still_works" time="0.163" /><testcase classname="tests.test_iter11.TestStatsNewSeed" name="test_stats_counts" time="0.160" /><testcase classname="tests.test_iter11.TestRequiredOverride" name="test_adjust_lowers_required" time="0.636" /><testcase classname="tests.test_iter11.TestMarkAbsentFromBoard" name="test_mark_absent_removes_and_freezes" time="0.325" /></testsuite></testsuites>