<?xml version="1.0" encoding="utf-8"?><testsuites name="pytest tests"><testsuite name="pytest" errors="0" failures="0" skipped="0" tests="9" time="3.119" timestamp="2026-09-20T11:25:15.911186+00:00" hostname="agent-env-faf58bcb-b9b8-476f-a0d0-445dc3057ed3"><testcase classname="tests.test_iter21" name="test_history_field_absent_in_response" time="0.363" /><testcase classname="tests.test_iter21" name="test_restore_replaces_schedule_state" time="0.323" /><testcase classname="tests.test_iter21" name="test_restore_400_on_malformed" time="0.260" /><testcase classname="tests.test_iter21" name="test_restore_404_when_missing" time="0.127" /><testcase classname="tests.test_iter21" name="test_delete_month_active_only" time="0.403" /><testcase classname="tests.test_iter21" name="test_delete_month_bad_format" time="0.138" /><testcase classname="tests.test_iter21" name="test_list_schedules_archived_filter" time="0.469" /><testcase classname="tests.test_iter21" name="test_delete_month_archived_variant" time="0.392" /><testcase classname="tests.test_iter21" name="test_housekeeping_helpers_directly" time="0.565" /></testsuite></testsuites>