<?xml version="1.0" encoding="utf-8"?><testsuites name="pytest tests"><testsuite name="pytest" errors="0" failures="0" skipped="0" tests="6" time="1.529" timestamp="2026-09-18T06:20:26.677039+00:00" hostname="agent-env-faf58bcb-b9b8-476f-a0d0-445dc3057ed3"><testcase classname="tests.test_iter17" name="test_areas_endpoint" time="0.280" /><testcase classname="tests.test_iter17" name="test_schedule_disabled_row_names_zero_required" time="0.210" /><testcase classname="tests.test_iter17" name="test_set_disabled_areas_toggle" time="0.276" /><testcase classname="tests.test_iter17" name="test_set_disabled_areas_404" time="0.069" /><testcase classname="tests.test_iter17" name="test_regression_suggest_line_still_works" time="0.074" /><testcase classname="tests.test_iter17" name="test_regression_fill_shortages_preview" time="0.070" /></testsuite></testsuites>