<?xml version="1.0" encoding="utf-8"?><testsuites name="pytest tests"><testsuite name="pytest" errors="0" failures="0" skipped="1" tests="8" time="2.208" timestamp="2026-09-18T06:54:49.584828+00:00" hostname="agent-env-faf58bcb-b9b8-476f-a0d0-445dc3057ed3"><testcase classname="tests.test_iter19" name="test_set_disabled_activities_drops_support_ops" time="0.282" /><testcase classname="tests.test_iter19" name="test_close_line_captures_snapshot" time="0.212" /><testcase classname="tests.test_iter19" name="test_reopen_line_restores" time="0.146" /><testcase classname="tests.test_iter19" name="test_reopen_line_400_if_not_closed" time="0.146" /><testcase classname="tests.test_iter19" name="test_reopen_line_404_if_schedule_missing" time="0.066" /><testcase classname="tests.test_iter19" name="test_reopen_line_no_double_book" time="0.355"><skipped type="pytest.skip" message="adjust() regenerated schedule and cleared closure state; double-book scenario cannot be constructed via /adjust endpoint">/app/backend/tests/test_iter19.py:197: adjust() regenerated schedule and cleared closure state; double-book scenario cannot be constructed via /adjust endpoint</skipped></testcase><testcase classname="tests.test_iter19" name="test_fill_shortages_no_freeze_after_absence" time="0.382" /><testcase classname="tests.test_iter19" name="test_zzz_cleanup" time="0.065" /></testsuite></testsuites>