<?xml version="1.0" encoding="utf-8"?><testsuites name="pytest tests"><testsuite name="pytest" errors="0" failures="0" skipped="0" tests="7" time="2.145" timestamp="2026-08-18T19:06:27.747761+00:00" hostname="agent-env-faf58bcb-b9b8-476f-a0d0-445dc3057ed3"><testcase classname="tests.test_iter14" name="test_stats" time="0.218" /><testcase classname="tests.test_iter14" name="test_baseline_absent_1" time="0.156" /><testcase classname="tests.test_iter14" name="test_late_arrival_options_no_target" time="0.088" /><testcase classname="tests.test_iter14" name="test_late_arrival_bad_person" time="0.083" /><testcase classname="tests.test_iter14" name="test_late_arrival_missing_pid" time="0.093" /><testcase classname="tests.test_iter14" name="test_late_arrival_planned_target_displaces_and_undo" time="0.285" /><testcase classname="tests.test_iter14" name="test_late_arrival_adds_new_line" time="0.275" /></testsuite></testsuites>