<?xml version="1.0" encoding="utf-8"?><testsuites name="pytest tests"><testsuite name="pytest" errors="0" failures="0" skipped="0" tests="8" time="4.699" timestamp="2026-09-18T07:18:06.305974+00:00" hostname="agent-env-faf58bcb-b9b8-476f-a0d0-445dc3057ed3"><testcase classname="tests.test_iter20" name="test_suggest_lines_plural_removed" time="0.279" /><testcase classname="tests.test_iter20" name="test_suggest_line_singular_works" time="0.064" /><testcase classname="tests.test_iter20" name="test_history_grows_and_snapshot_shape" time="0.779" /><testcase classname="tests.test_iter20" name="test_history_cap_at_5" time="0.959" /><testcase classname="tests.test_iter20" name="test_undo_pops_and_drains" time="0.818" /><testcase classname="tests.test_iter20" name="test_close_line_preserved_across_adjust" time="0.373" /><testcase classname="tests.test_iter20" name="test_disabled_activities_preserved_across_adjust" time="0.425" /><testcase classname="tests.test_iter20" name="test_undo_restores_mark_absent" time="0.428" /></testsuite></testsuites>