<?xml version="1.0" encoding="utf-8"?><testsuites name="pytest tests"><testsuite name="pytest" errors="0" failures="0" skipped="0" tests="7" time="1.462" timestamp="2026-09-18T06:32:32.506432+00:00" hostname="agent-env-faf58bcb-b9b8-476f-a0d0-445dc3057ed3"><testcase classname="tests.test_iter18" name="test_schedule_per_line_disabled_isolation" time="0.325" /><testcase classname="tests.test_iter18" name="test_legacy_disabled_row_names_ignored" time="0.059" /><testcase classname="tests.test_iter18" name="test_set_disabled_activities_per_line" time="0.238" /><testcase classname="tests.test_iter18" name="test_set_disabled_activities_404" time="0.059" /><testcase classname="tests.test_iter18" name="test_regression_fill_shortages_preview" time="0.066" /><testcase classname="tests.test_iter18" name="test_regression_suggest_line" time="0.058" /><testcase classname="tests.test_iter18" name="test_regression_areas_endpoint" time="0.059" /></testsuite></testsuites>