<?xml version="1.0" encoding="utf-8"?><testsuites name="pytest tests"><testsuite name="pytest" errors="0" failures="0" skipped="0" tests="8" time="0.820" timestamp="2026-08-16T13:55:21.969981+00:00" hostname="agent-env-faf58bcb-b9b8-476f-a0d0-445dc3057ed3"><testcase classname="tests.test_iter13" name="test_stats_counts" time="0.187" /><testcase classname="tests.test_iter13" name="test_monkey_subtasks" time="0.045" /><testcase classname="tests.test_iter13" name="test_schedule_totals" time="0.092" /><testcase classname="tests.test_iter13" name="test_no_duplicate_person_assignments" time="0.000" /><testcase classname="tests.test_iter13" name="test_suggest_replacement_shape" time="0.048" /><testcase classname="tests.test_iter13" name="test_suggest_replacement_404" time="0.082" /><testcase classname="tests.test_iter13" name="test_suggest_replacement_bad_key" time="0.042" /><testcase classname="tests.test_iter13" name="test_fill_shortages_fixed_point" time="0.248" /></testsuite></testsuites>