<?xml version="1.0" encoding="utf-8"?><testsuites name="pytest tests"><testsuite name="pytest" errors="0" failures="0" skipped="0" tests="8" time="1.412" timestamp="2026-09-18T06:04:00.073382+00:00" hostname="agent-env-faf58bcb-b9b8-476f-a0d0-445dc3057ed3"><testcase classname="tests.test_iter16" name="test_baseline_created" time="0.181" /><testcase classname="tests.test_iter16" name="test_close_line_frees_and_logs" time="0.076" /><testcase classname="tests.test_iter16" name="test_close_line_idempotency" time="0.070" /><testcase classname="tests.test_iter16" name="test_get_schedule_returns_closures" time="0.069" /><testcase classname="tests.test_iter16" name="test_list_schedules_has_closures" time="0.087" /><testcase classname="tests.test_iter16" name="test_suggest_line" time="0.076" /><testcase classname="tests.test_iter16" name="test_start_line_from_suggestion" time="0.231" /><testcase classname="tests.test_iter16" name="test_analytics_monthly_has_closures" time="0.081" /></testsuite></testsuites>