<?xml version="1.0" encoding="utf-8"?><testsuites name="pytest tests"><testsuite name="pytest" errors="0" failures="0" skipped="3" tests="52" time="7.232" timestamp="2026-08-05T08:57:06.033353+00:00" hostname="agent-env-faf58bcb-b9b8-476f-a0d0-445dc3057ed3"><testcase classname="tests.backend_test.TestSuggestLines" name="test_baseline_free_pool_and_suggestions" time="0.472" /><testcase classname="tests.backend_test.TestSuggestLines" name="test_excludes_active_lines" time="0.210" /><testcase classname="tests.test_iter11b_logged_at.TestLoggedAtPreservation" name="test_log_sets_timestamp" time="0.785" /><testcase classname="tests.backend_test.TestSuggestLines" name="test_expected_fully_covered_lines" time="0.162" /><testcase classname="tests.test_iter11b_logged_at.TestLoggedAtPreservation" name="test_regenerate_preserves_logged_at" time="0.314" /><testcase classname="tests.backend_test.TestSuggestLines" name="test_sorted_desc_by_coverage_then_fillable_then_line" time="0.157" /><testcase classname="tests.backend_test.TestSuggestLines" name="test_cells_breakdown_shape_and_no_reuse_within_suggestion" time="0.154" /><testcase classname="tests.test_iter11b_logged_at.TestLoggedAtPreservation" name="test_adjust_preserves_logged_at" time="0.471" /><testcase classname="tests.backend_test.TestSuggestLines" name="test_404_when_schedule_missing" time="0.317" /><testcase classname="tests.backend_test.TestSuggestLines" name="test_add_line_regenerates_and_shrinks_pool" time="0.000"><skipped type="pytest.skip" message="Ordering of fully_covered suggestions changed with new seed; superseded by iter11 suggest tests">/app/backend/tests/backend_test.py:553: Ordering of fully_covered suggestions changed with new seed; superseded by iter11 suggest tests</skipped></testcase><testcase classname="tests.test_iter11b_logged_at.TestLoggedAtPreservation" name="test_mark_absent_preserves_logged_at" time="0.459" /><testcase classname="tests.backend_test.TestScheduleGeneration" name="test_schedule_summary" time="0.370" /><testcase classname="tests.backend_test.TestScheduleGeneration" name="test_line_keys" time="0.000" /><testcase classname="tests.backend_test.TestScheduleGeneration" name="test_priority_ordering" time="0.000" /><testcase classname="tests.backend_test.TestScheduleGeneration" name="test_no_duplicate_assignments" time="0.000" /><testcase classname="tests.test_iter11.TestLogAndReport" name="test_log_endpoint_sets_timestamp" time="0.616" /><testcase classname="tests.test_iter11b_logged_at.TestLoggedAtPreservation" name="test_fill_shortages_preserves_logged_at" time="0.315" /><testcase classname="tests.backend_test.TestAutoPlanBaseline" name="test_autoplan_baseline_no_absent" time="0.318" /><testcase classname="tests.test_iter11.TestLogAndReport" name="test_log_404_when_missing" time="0.152" /><testcase classname="tests.test_iter11.TestLogAndReport" name="test_absenteeism_xlsx_returns_valid_workbook" time="0.166" /><testcase classname="tests.backend_test.TestAutoPlanBaseline" name="test_autoplan_expected_lines_selected" time="0.160" /><testcase classname="tests.test_iter11.TestLogAndReport" name="test_absenteeism_only_logged_filter" time="0.163" /><testcase classname="tests.backend_test.TestAutoPlanBaseline" name="test_autoplan_no_duplicate_person" time="0.156" /><testcase classname="tests.backend_test.TestAutoPlanBaseline" name="test_autoplan_persists_upsert" time="0.315" /><testcase classname="tests.test_iter11.TestSK300FrameMultiDetail" name="test_sk300_frame_has_4_details_summing_to_6" time="0.304" /><testcase classname="tests.test_iter11.TestSK300FrameMultiDetail" name="test_gx300_frame_sums_to_2" time="0.000" /><testcase classname="tests.test_iter11.TestSK300FrameMultiDetail" name="test_no_duplicate_person" time="0.000" /><testcase classname="tests.backend_test.TestExtraHands" name="test_override_allows_more_than_required" time="0.157" /><testcase classname="tests.test_iter11.TestNoRegression" name="test_autoplan_still_works" time="0.486" /><testcase classname="tests.backend_test.TestExtraHands" name="test_extra_hands_persist_after_regenerate" time="0.310" /><testcase classname="tests.backend_test.TestFillShortagesUnfillable" name="test_fill_unfillable_is_noop" time="0.348" /><testcase classname="tests.test_iter11.TestNoRegression" name="test_fill_shortages_still_works" time="0.156" /><testcase classname="tests.test_iter11.TestNoRegression" name="test_suggest_lines_still_works" time="0.159" /><testcase classname="tests.backend_test.TestFillShortagesUnfillable" name="test_fill_persists_via_overrides" time="0.312" /><testcase classname="tests.backend_test.TestAutoPlanWithAbsentees" name="test_autoplan_excludes_absentees" time="0.367" /><testcase classname="tests.backend_test.TestFillShortagesFillable" name="test_fill_replaces_vacated_seat" time="0.000"><skipped type="pytest.skip" message="Brittle against new seed (specialist tie-breaking + backfill differ); superseded by iter11 fill tests">/app/backend/tests/backend_test.py:325: Brittle against new seed (specialist tie-breaking + backfill differ); superseded by iter11 fill tests</skipped></testcase><testcase classname="tests.backend_test.TestFillShortagesFillable" name="test_fill_creates_and_fills_manually_cleared_cell" time="0.000"><skipped type="pytest.skip" message="cell_key format changed to include detail in iter11 (row||line||detail); superseded by iter11 tests">/app/backend/tests/backend_test.py:386: cell_key format changed to include detail in iter11 (row||line||detail); superseded by iter11 tests</skipped></testcase><testcase classname="tests.backend_test.TestPersonsAlphaSort" name="test_persons_count_and_alpha_sort" time="0.000" /><testcase classname="tests.backend_test.TestAdjustClear" name="test_adjust_clear_leaves_cell_empty" time="0.318" /><testcase classname="tests.backend_test.TestAutoPlanWithAbsentees" name="test_autoplan_extreme_all_absent_returns_400" time="0.161" /><testcase classname="tests.backend_test.TestZZZRestoreBaseline" name="test_cleanup_autoplan" time="0.159" /><testcase classname="tests.backend_test.TestShiftIsolation" name="test_day_and_evening_independent" time="0.471" /><testcase classname="tests.backend_test.TestZZZRestoreBaseline" name="test_restore" time="0.160" /><testcase classname="tests.backend_test.TestAnalytics" name="test_analytics_shape" time="0.154" /><testcase classname="tests.backend_test.TestFillShortagesNotFound" name="test_fill_returns_404_for_missing_schedule" time="0.132" /><testcase classname="tests.backend_test.TestExport" name="test_export_returns_valid_xlsx" time="0.128" /><testcase classname="tests.backend_test.TestAutoPlanGreedy" name="test_first_line_is_high_coverage" time="0.244" /><testcase classname="tests.backend_test.TestStats" name="test_stats" time="0.122" /><testcase classname="tests.test_iter11.TestRequiredOverride" name="test_adjust_lowers_required" time="0.675" /><testcase classname="tests.test_iter11.TestStatsNewSeed" name="test_stats_counts" time="0.120" /><testcase classname="tests.test_iter11.TestMarkAbsentFromBoard" name="test_mark_absent_removes_and_freezes" time="0.254" /><testcase classname="tests.test_iter11b_logged_at.TestFreshScheduleLoggedAtNull" name="test_autoplan_fresh_date_has_null_logged_at" time="0.494" /></testsuite></testsuites>